mode: atomic
github.com/mustafaaksoy/gosupabase/auth/claims.go:16.65,18.2 1 1
github.com/mustafaaksoy/gosupabase/auth/claims.go:20.45,23.2 2 2
github.com/mustafaaksoy/gosupabase/auth/claims.go:26.44,27.14 1 2
github.com/mustafaaksoy/gosupabase/auth/claims.go:27.14,29.3 1 1
github.com/mustafaaksoy/gosupabase/auth/claims.go:30.2,32.18 3 1
github.com/mustafaaksoy/gosupabase/auth/claims.go:32.18,35.3 2 1
github.com/mustafaaksoy/gosupabase/auth/claims.go:36.2,36.28 1 1
github.com/mustafaaksoy/gosupabase/auth/claims.go:36.28,37.25 1 4
github.com/mustafaaksoy/gosupabase/auth/claims.go:37.25,38.12 1 2
github.com/mustafaaksoy/gosupabase/auth/claims.go:40.3,41.23 2 2
github.com/mustafaaksoy/gosupabase/auth/claims.go:43.2,43.12 1 1
github.com/mustafaaksoy/gosupabase/api/index.go:13.13,16.2 2 1
github.com/mustafaaksoy/gosupabase/api/index.go:19.54,21.2 1 1
github.com/mustafaaksoy/gosupabase/handlers/create_playlist.go:8.13,10.2 1 1
github.com/mustafaaksoy/gosupabase/handlers/create_playlist.go:12.61,18.2 2 1
github.com/mustafaaksoy/gosupabase/handlers/create_track.go:8.13,10.2 1 1
github.com/mustafaaksoy/gosupabase/handlers/create_track.go:12.58,18.2 2 1
github.com/mustafaaksoy/gosupabase/handlers/delete_track.go:8.13,10.2 1 1
github.com/mustafaaksoy/gosupabase/handlers/delete_track.go:12.58,18.2 2 1
github.com/mustafaaksoy/gosupabase/handlers/health.go:8.13,10.2 1 1
github.com/mustafaaksoy/gosupabase/handlers/health.go:12.53,18.2 2 1
github.com/mustafaaksoy/gosupabase/handlers/list_playlists.go:8.13,10.2 1 1
github.com/mustafaaksoy/gosupabase/handlers/list_playlists.go:12.60,18.2 2 1
github.com/mustafaaksoy/gosupabase/handlers/list_tracks.go:8.13,10.2 1 1
github.com/mustafaaksoy/gosupabase/handlers/list_tracks.go:12.57,18.2 2 1
github.com/mustafaaksoy/gosupabase/handlers/registry.go:10.48,12.2 1 9
github.com/mustafaaksoy/gosupabase/handlers/registry.go:14.48,17.2 2 1
github.com/mustafaaksoy/gosupabase/handlers/registry.go:19.22,21.26 2 1
github.com/mustafaaksoy/gosupabase/handlers/registry.go:21.26,23.3 1 2
github.com/mustafaaksoy/gosupabase/handlers/registry.go:24.2,25.14 2 1
github.com/mustafaaksoy/gosupabase/handlers/update_track.go:8.13,10.2 1 1
github.com/mustafaaksoy/gosupabase/handlers/update_track.go:12.58,18.2 2 1
github.com/mustafaaksoy/gosupabase/cmd/server/main.go:18.18,25.2 5 2
github.com/mustafaaksoy/gosupabase/cmd/server/main.go:27.13,28.30 1 0
github.com/mustafaaksoy/gosupabase/cmd/server/main.go:28.30,30.3 1 0
github.com/mustafaaksoy/gosupabase/internal/yaml/api.go:32.44,34.16 2 2
github.com/mustafaaksoy/gosupabase/internal/yaml/api.go:34.16,36.3 1 1
github.com/mustafaaksoy/gosupabase/internal/yaml/api.go:37.2,38.51 2 1
github.com/mustafaaksoy/gosupabase/internal/yaml/api.go:38.51,40.3 1 0
github.com/mustafaaksoy/gosupabase/internal/yaml/api.go:41.2,41.18 1 1
github.com/mustafaaksoy/gosupabase/internal/yaml/api.go:44.46,46.16 2 2
github.com/mustafaaksoy/gosupabase/internal/yaml/api.go:46.16,48.3 1 0
github.com/mustafaaksoy/gosupabase/internal/yaml/api.go:49.2,49.55 1 2
github.com/mustafaaksoy/gosupabase/internal/yaml/api.go:49.55,51.3 1 0
github.com/mustafaaksoy/gosupabase/internal/yaml/api.go:52.2,52.12 1 2
github.com/mustafaaksoy/gosupabase/internal/yaml/api.go:55.54,56.41 1 3
github.com/mustafaaksoy/gosupabase/internal/yaml/api.go:56.41,57.80 1 3
github.com/mustafaaksoy/gosupabase/internal/yaml/api.go:57.80,59.4 1 2
github.com/mustafaaksoy/gosupabase/internal/yaml/api.go:61.2,61.22 1 1
github.com/mustafaaksoy/gosupabase/internal/yaml/api.go:61.22,63.3 1 1
github.com/mustafaaksoy/gosupabase/internal/yaml/api.go:64.2,65.12 2 1
github.com/mustafaaksoy/gosupabase/internal/yaml/api.go:68.50,70.2 1 1
github.com/mustafaaksoy/gosupabase/internal/yaml/api.go:74.52,84.31 7 7
github.com/mustafaaksoy/gosupabase/internal/yaml/api.go:84.31,85.16 1 12
github.com/mustafaaksoy/gosupabase/internal/yaml/api.go:85.16,86.12 1 0
github.com/mustafaaksoy/gosupabase/internal/yaml/api.go:88.3,88.34 1 12
github.com/mustafaaksoy/gosupabase/internal/yaml/api.go:88.34,92.4 3 3
github.com/mustafaaksoy/gosupabase/internal/yaml/api.go:92.9,94.4 1 9
github.com/mustafaaksoy/gosupabase/internal/yaml/api.go:96.2,96.20 1 7
github.com/mustafaaksoy/gosupabase/internal/yaml/api.go:100.40,102.31 2 3
github.com/mustafaaksoy/gosupabase/internal/yaml/api.go:102.31,103.34 1 10
github.com/mustafaaksoy/gosupabase/internal/yaml/api.go:103.34,105.4 1 3
github.com/mustafaaksoy/gosupabase/internal/yaml/api.go:107.2,107.36 1 3
github.com/mustafaaksoy/gosupabase/internal/yaml/api.go:110.34,111.13 1 19
github.com/mustafaaksoy/gosupabase/internal/yaml/api.go:111.13,113.3 1 0
github.com/mustafaaksoy/gosupabase/internal/yaml/api.go:114.2,116.22 3 19
github.com/mustafaaksoy/gosupabase/config/env.go:25.24,36.18 3 4
github.com/mustafaaksoy/gosupabase/config/env.go:36.18,38.3 1 3
github.com/mustafaaksoy/gosupabase/config/env.go:39.2,39.39 1 4
github.com/mustafaaksoy/gosupabase/config/env.go:39.39,41.3 1 3
github.com/mustafaaksoy/gosupabase/config/env.go:42.2,42.10 1 4
github.com/mustafaaksoy/gosupabase/config/env.go:46.71,49.54 2 4
github.com/mustafaaksoy/gosupabase/config/env.go:49.54,56.43 2 2
github.com/mustafaaksoy/gosupabase/config/env.go:56.43,57.37 1 2
github.com/mustafaaksoy/gosupabase/config/env.go:57.37,59.5 1 2
github.com/mustafaaksoy/gosupabase/config/env.go:60.4,60.39 1 2
github.com/mustafaaksoy/gosupabase/config/env.go:60.39,62.5 1 2
github.com/mustafaaksoy/gosupabase/config/env.go:66.2,66.62 1 4
github.com/mustafaaksoy/gosupabase/config/env.go:66.62,73.43 2 2
github.com/mustafaaksoy/gosupabase/config/env.go:73.43,74.37 1 2
github.com/mustafaaksoy/gosupabase/config/env.go:74.37,76.5 1 2
github.com/mustafaaksoy/gosupabase/config/env.go:77.4,77.39 1 2
github.com/mustafaaksoy/gosupabase/config/env.go:77.39,79.5 1 1
github.com/mustafaaksoy/gosupabase/config/env.go:83.2,83.22 1 4
github.com/mustafaaksoy/gosupabase/config/env.go:83.22,85.3 1 1
github.com/mustafaaksoy/gosupabase/config/env.go:86.2,86.24 1 4
github.com/mustafaaksoy/gosupabase/config/env.go:86.24,88.3 1 1
github.com/mustafaaksoy/gosupabase/config/env.go:89.2,89.12 1 4
github.com/mustafaaksoy/gosupabase/config/env.go:94.59,96.16 2 6
github.com/mustafaaksoy/gosupabase/config/env.go:96.16,98.3 1 4
github.com/mustafaaksoy/gosupabase/config/env.go:99.2,103.21 4 2
github.com/mustafaaksoy/gosupabase/config/env.go:103.21,105.49 2 7
github.com/mustafaaksoy/gosupabase/config/env.go:105.49,106.12 1 2
github.com/mustafaaksoy/gosupabase/config/env.go:108.3,109.10 2 5
github.com/mustafaaksoy/gosupabase/config/env.go:109.10,110.12 1 1
github.com/mustafaaksoy/gosupabase/config/env.go:112.3,112.54 1 4
github.com/mustafaaksoy/gosupabase/config/env.go:114.2,114.30 1 2
github.com/mustafaaksoy/gosupabase/config/env.go:117.30,119.16 2 4
github.com/mustafaaksoy/gosupabase/config/env.go:119.16,121.3 1 4
github.com/mustafaaksoy/gosupabase/config/env.go:122.2,122.28 1 0
github.com/mustafaaksoy/gosupabase/config/env.go:122.28,123.25 1 0
github.com/mustafaaksoy/gosupabase/config/env.go:123.25,125.4 1 0
github.com/mustafaaksoy/gosupabase/internal/scaffold/generator.go:20.59,22.16 2 2
github.com/mustafaaksoy/gosupabase/internal/scaffold/generator.go:22.16,24.3 1 0
github.com/mustafaaksoy/gosupabase/internal/scaffold/generator.go:26.2,26.60 1 2
github.com/mustafaaksoy/gosupabase/internal/scaffold/generator.go:26.60,28.3 1 0
github.com/mustafaaksoy/gosupabase/internal/scaffold/generator.go:30.2,31.57 2 2
github.com/mustafaaksoy/gosupabase/internal/scaffold/generator.go:31.57,32.84 1 2
github.com/mustafaaksoy/gosupabase/internal/scaffold/generator.go:32.84,34.4 1 0
github.com/mustafaaksoy/gosupabase/internal/scaffold/generator.go:35.3,35.45 1 2
github.com/mustafaaksoy/gosupabase/internal/scaffold/generator.go:38.2,38.35 1 2
github.com/mustafaaksoy/gosupabase/internal/scaffold/generator.go:38.35,40.17 2 2
github.com/mustafaaksoy/gosupabase/internal/scaffold/generator.go:40.17,42.4 1 0
github.com/mustafaaksoy/gosupabase/internal/scaffold/generator.go:43.3,46.49 3 2
github.com/mustafaaksoy/gosupabase/internal/scaffold/generator.go:46.49,48.12 2 1
github.com/mustafaaksoy/gosupabase/internal/scaffold/generator.go:51.3,52.17 2 1
github.com/mustafaaksoy/gosupabase/internal/scaffold/generator.go:52.17,54.4 1 0
github.com/mustafaaksoy/gosupabase/internal/scaffold/generator.go:55.3,55.74 1 1
github.com/mustafaaksoy/gosupabase/internal/scaffold/generator.go:55.74,57.4 1 0
github.com/mustafaaksoy/gosupabase/internal/scaffold/generator.go:58.3,58.44 1 1
github.com/mustafaaksoy/gosupabase/internal/scaffold/generator.go:61.2,61.23 1 2
github.com/mustafaaksoy/gosupabase/internal/scaffold/generator.go:61.23,64.3 2 1
github.com/mustafaaksoy/gosupabase/internal/scaffold/generator.go:66.2,66.58 1 1
github.com/mustafaaksoy/gosupabase/internal/scaffold/generator.go:66.58,68.3 1 0
github.com/mustafaaksoy/gosupabase/internal/scaffold/generator.go:70.2,71.18 2 1
github.com/mustafaaksoy/gosupabase/internal/scaffold/generator.go:71.18,73.3 1 0
github.com/mustafaaksoy/gosupabase/internal/scaffold/generator.go:75.2,77.16 3 1
github.com/mustafaaksoy/gosupabase/internal/scaffold/generator.go:77.16,79.3 1 0
github.com/mustafaaksoy/gosupabase/internal/scaffold/generator.go:80.2,80.72 1 1
github.com/mustafaaksoy/gosupabase/internal/scaffold/generator.go:80.72,82.3 1 0
github.com/mustafaaksoy/gosupabase/internal/scaffold/generator.go:83.2,85.12 2 1
github.com/mustafaaksoy/gosupabase/internal/scaffold/generator.go:89.44,101.25 2 1
github.com/mustafaaksoy/gosupabase/internal/scaffold/generator.go:101.25,102.66 1 9
github.com/mustafaaksoy/gosupabase/internal/scaffold/generator.go:102.66,104.4 1 0
github.com/mustafaaksoy/gosupabase/internal/scaffold/generator.go:107.2,112.35 2 1
github.com/mustafaaksoy/gosupabase/internal/scaffold/generator.go:112.35,114.67 2 3
github.com/mustafaaksoy/gosupabase/internal/scaffold/generator.go:114.67,116.4 1 0
github.com/mustafaaksoy/gosupabase/internal/scaffold/generator.go:117.3,117.37 1 3
github.com/mustafaaksoy/gosupabase/internal/scaffold/generator.go:120.2,121.88 2 1
github.com/mustafaaksoy/gosupabase/internal/scaffold/generator.go:121.88,123.3 1 0
github.com/mustafaaksoy/gosupabase/internal/scaffold/generator.go:124.2,127.16 3 1
github.com/mustafaaksoy/gosupabase/internal/scaffold/generator.go:127.16,129.3 1 0
github.com/mustafaaksoy/gosupabase/internal/scaffold/generator.go:130.2,130.106 1 1
github.com/mustafaaksoy/gosupabase/internal/scaffold/generator.go:130.106,132.3 1 0
github.com/mustafaaksoy/gosupabase/internal/scaffold/generator.go:133.2,135.12 2 1
github.com/mustafaaksoy/gosupabase/internal/scaffold/generator.go:138.74,140.16 2 4
github.com/mustafaaksoy/gosupabase/internal/scaffold/generator.go:140.16,142.3 1 0
github.com/mustafaaksoy/gosupabase/internal/scaffold/generator.go:143.2,144.45 2 4
github.com/mustafaaksoy/gosupabase/internal/scaffold/generator.go:144.45,146.3 1 0
github.com/mustafaaksoy/gosupabase/internal/scaffold/generator.go:147.2,147.25 1 4
github.com/mustafaaksoy/gosupabase/internal/scaffold/generator.go:150.35,152.22 2 3
github.com/mustafaaksoy/gosupabase/internal/scaffold/generator.go:152.22,153.27 1 23
github.com/mustafaaksoy/gosupabase/internal/scaffold/generator.go:153.27,154.13 1 4
github.com/mustafaaksoy/gosupabase/internal/scaffold/generator.go:154.13,156.5 1 1
github.com/mustafaaksoy/gosupabase/internal/scaffold/generator.go:157.4,157.28 1 4
github.com/mustafaaksoy/gosupabase/internal/scaffold/generator.go:158.9,160.4 1 19
github.com/mustafaaksoy/gosupabase/internal/scaffold/generator.go:162.2,162.24 1 3
github.com/mustafaaksoy/gosupabase/internal/scaffold/generator.go:165.28,167.16 2 1
github.com/mustafaaksoy/gosupabase/internal/scaffold/generator.go:167.16,169.3 1 1
github.com/mustafaaksoy/gosupabase/internal/scaffold/generator.go:170.2,170.57 1 0
github.com/mustafaaksoy/gosupabase/internal/scaffold/generator.go:170.57,171.41 1 0
github.com/mustafaaksoy/gosupabase/internal/scaffold/generator.go:171.41,173.4 1 0
github.com/mustafaaksoy/gosupabase/internal/scaffold/generator.go:175.2,175.35 1 0
github.com/mustafaaksoy/gosupabase/middleware/supabase.go:52.98,54.46 2 13
github.com/mustafaaksoy/gosupabase/middleware/supabase.go:54.46,55.72 1 13
github.com/mustafaaksoy/gosupabase/middleware/supabase.go:55.72,57.45 2 14
github.com/mustafaaksoy/gosupabase/middleware/supabase.go:57.45,62.5 2 2
github.com/mustafaaksoy/gosupabase/middleware/supabase.go:63.4,66.18 3 12
github.com/mustafaaksoy/gosupabase/middleware/supabase.go:66.18,68.39 2 5
github.com/mustafaaksoy/gosupabase/middleware/supabase.go:68.39,70.6 1 1
github.com/mustafaaksoy/gosupabase/middleware/supabase.go:71.5,72.11 2 5
github.com/mustafaaksoy/gosupabase/middleware/supabase.go:75.4,76.41 2 7
github.com/mustafaaksoy/gosupabase/middleware/supabase.go:81.105,83.21 2 12
github.com/mustafaaksoy/gosupabase/middleware/supabase.go:83.21,85.3 1 0
github.com/mustafaaksoy/gosupabase/middleware/supabase.go:87.2,88.16 2 12
github.com/mustafaaksoy/gosupabase/middleware/supabase.go:88.16,90.3 1 0
github.com/mustafaaksoy/gosupabase/middleware/supabase.go:91.2,92.45 2 12
github.com/mustafaaksoy/gosupabase/middleware/supabase.go:92.45,94.3 1 1
github.com/mustafaaksoy/gosupabase/middleware/supabase.go:96.2,97.16 2 11
github.com/mustafaaksoy/gosupabase/middleware/supabase.go:97.16,99.3 1 0
github.com/mustafaaksoy/gosupabase/middleware/supabase.go:101.2,101.17 1 11
github.com/mustafaaksoy/gosupabase/middleware/supabase.go:102.15,103.21 1 8
github.com/mustafaaksoy/gosupabase/middleware/supabase.go:103.21,105.4 1 1
github.com/mustafaaksoy/gosupabase/middleware/supabase.go:106.3,106.41 1 7
github.com/mustafaaksoy/gosupabase/middleware/supabase.go:107.15,108.22 1 2
github.com/mustafaaksoy/gosupabase/middleware/supabase.go:108.22,110.4 1 0
github.com/mustafaaksoy/gosupabase/middleware/supabase.go:111.3,111.55 1 2
github.com/mustafaaksoy/gosupabase/middleware/supabase.go:112.10,113.25 1 1
github.com/mustafaaksoy/gosupabase/middleware/supabase.go:118.70,120.28 2 8
github.com/mustafaaksoy/gosupabase/middleware/supabase.go:120.28,122.3 1 9
github.com/mustafaaksoy/gosupabase/middleware/supabase.go:123.2,123.46 1 8
github.com/mustafaaksoy/gosupabase/middleware/supabase.go:123.46,124.72 1 8
github.com/mustafaaksoy/gosupabase/middleware/supabase.go:124.72,126.16 2 8
github.com/mustafaaksoy/gosupabase/middleware/supabase.go:126.16,129.5 2 1
github.com/mustafaaksoy/gosupabase/middleware/supabase.go:130.4,130.34 1 7
github.com/mustafaaksoy/gosupabase/middleware/supabase.go:130.34,133.5 2 1
github.com/mustafaaksoy/gosupabase/middleware/supabase.go:134.4,134.24 1 6
github.com/mustafaaksoy/gosupabase/middleware/supabase.go:139.70,140.42 1 7
github.com/mustafaaksoy/gosupabase/middleware/supabase.go:140.42,141.56 1 9
github.com/mustafaaksoy/gosupabase/middleware/supabase.go:141.56,143.4 1 6
github.com/mustafaaksoy/gosupabase/middleware/supabase.go:145.2,145.14 1 1
github.com/mustafaaksoy/gosupabase/middleware/supabase.go:148.76,150.16 2 7
github.com/mustafaaksoy/gosupabase/middleware/supabase.go:150.16,152.3 1 0
github.com/mustafaaksoy/gosupabase/middleware/supabase.go:153.2,155.36 3 7
github.com/mustafaaksoy/gosupabase/middleware/supabase.go:155.36,157.3 1 1
github.com/mustafaaksoy/gosupabase/middleware/supabase.go:159.2,160.16 2 6
github.com/mustafaaksoy/gosupabase/middleware/supabase.go:160.16,162.3 1 0
github.com/mustafaaksoy/gosupabase/middleware/supabase.go:163.2,164.49 2 6
github.com/mustafaaksoy/gosupabase/middleware/supabase.go:164.49,166.3 1 0
github.com/mustafaaksoy/gosupabase/middleware/supabase.go:167.2,169.66 2 6
github.com/mustafaaksoy/gosupabase/middleware/supabase.go:169.66,171.3 1 1
github.com/mustafaaksoy/gosupabase/middleware/supabase.go:173.2,173.21 1 5
github.com/mustafaaksoy/gosupabase/middleware/supabase.go:176.86,177.55 1 4
github.com/mustafaaksoy/gosupabase/middleware/supabase.go:177.55,179.3 1 0
github.com/mustafaaksoy/gosupabase/middleware/supabase.go:181.2,182.16 2 4
github.com/mustafaaksoy/gosupabase/middleware/supabase.go:182.16,184.3 1 0
github.com/mustafaaksoy/gosupabase/middleware/supabase.go:186.2,187.34 2 4
github.com/mustafaaksoy/gosupabase/middleware/supabase.go:187.34,189.3 1 1
github.com/mustafaaksoy/gosupabase/middleware/supabase.go:190.2,194.38 4 3
github.com/mustafaaksoy/gosupabase/middleware/supabase.go:194.38,196.3 1 1
github.com/mustafaaksoy/gosupabase/middleware/supabase.go:198.2,199.16 2 2
github.com/mustafaaksoy/gosupabase/middleware/supabase.go:199.16,201.3 1 0
github.com/mustafaaksoy/gosupabase/middleware/supabase.go:202.2,203.49 2 2
github.com/mustafaaksoy/gosupabase/middleware/supabase.go:203.49,205.3 1 0
github.com/mustafaaksoy/gosupabase/middleware/supabase.go:206.2,207.66 2 2
github.com/mustafaaksoy/gosupabase/middleware/supabase.go:207.66,209.3 1 0
github.com/mustafaaksoy/gosupabase/middleware/supabase.go:210.2,210.21 1 2
github.com/mustafaaksoy/gosupabase/middleware/supabase.go:213.75,216.47 3 4
github.com/mustafaaksoy/gosupabase/middleware/supabase.go:216.47,217.47 1 1
github.com/mustafaaksoy/gosupabase/middleware/supabase.go:217.47,220.4 2 1
github.com/mustafaaksoy/gosupabase/middleware/supabase.go:222.2,225.16 3 3
github.com/mustafaaksoy/gosupabase/middleware/supabase.go:225.16,227.3 1 0
github.com/mustafaaksoy/gosupabase/middleware/supabase.go:229.2,236.16 5 3
github.com/mustafaaksoy/gosupabase/middleware/supabase.go:236.16,238.3 1 0
github.com/mustafaaksoy/gosupabase/middleware/supabase.go:239.2,239.17 1 3
github.com/mustafaaksoy/gosupabase/middleware/supabase.go:242.73,246.16 4 4
github.com/mustafaaksoy/gosupabase/middleware/supabase.go:246.16,248.3 1 0
github.com/mustafaaksoy/gosupabase/middleware/supabase.go:249.2,250.38 2 4
github.com/mustafaaksoy/gosupabase/middleware/supabase.go:250.38,252.3 1 1
github.com/mustafaaksoy/gosupabase/middleware/supabase.go:254.2,255.68 2 3
github.com/mustafaaksoy/gosupabase/middleware/supabase.go:255.68,257.3 1 0
github.com/mustafaaksoy/gosupabase/middleware/supabase.go:259.2,260.33 2 3
github.com/mustafaaksoy/gosupabase/middleware/supabase.go:260.33,261.55 1 3
github.com/mustafaaksoy/gosupabase/middleware/supabase.go:261.55,262.12 1 0
github.com/mustafaaksoy/gosupabase/middleware/supabase.go:264.3,266.33 3 3
github.com/mustafaaksoy/gosupabase/middleware/supabase.go:266.33,267.12 1 0
github.com/mustafaaksoy/gosupabase/middleware/supabase.go:269.3,274.20 2 3
github.com/mustafaaksoy/gosupabase/middleware/supabase.go:276.2,276.18 1 3
github.com/mustafaaksoy/gosupabase/middleware/supabase.go:279.48,280.29 1 37
github.com/mustafaaksoy/gosupabase/middleware/supabase.go:280.29,282.3 1 26
github.com/mustafaaksoy/gosupabase/middleware/supabase.go:283.2,283.43 1 37
github.com/mustafaaksoy/gosupabase/middleware/supabase.go:286.77,289.24 3 9
github.com/mustafaaksoy/gosupabase/middleware/supabase.go:289.24,291.25 2 17
github.com/mustafaaksoy/gosupabase/middleware/supabase.go:291.25,293.4 1 8
github.com/mustafaaksoy/gosupabase/middleware/supabase.go:294.3,295.23 2 9
github.com/mustafaaksoy/gosupabase/middleware/supabase.go:297.2,298.26 2 9
github.com/mustafaaksoy/gosupabase/middleware/supabase.go:298.26,300.3 1 1
github.com/mustafaaksoy/gosupabase/middleware/supabase.go:302.2,303.46 2 9
github.com/mustafaaksoy/gosupabase/middleware/supabase.go:303.46,305.3 1 0
github.com/mustafaaksoy/gosupabase/middleware/supabase.go:306.2,307.69 2 9
github.com/mustafaaksoy/gosupabase/middleware/supabase.go:307.69,309.3 1 2
github.com/mustafaaksoy/gosupabase/middleware/supabase.go:310.2,310.71 1 9
github.com/mustafaaksoy/gosupabase/middleware/supabase.go:310.71,312.3 1 2
github.com/mustafaaksoy/gosupabase/middleware/supabase.go:313.2,313.12 1 9
github.com/mustafaaksoy/gosupabase/middleware/supabase.go:316.57,317.23 1 14
github.com/mustafaaksoy/gosupabase/middleware/supabase.go:318.14,319.9 1 2
github.com/mustafaaksoy/gosupabase/middleware/supabase.go:320.21,321.26 1 4
github.com/mustafaaksoy/gosupabase/middleware/supabase.go:321.26,322.34 1 5
github.com/mustafaaksoy/gosupabase/middleware/supabase.go:322.34,324.5 1 5
github.com/mustafaaksoy/gosupabase/middleware/supabase.go:331.36,331.56 1 5
github.com/mustafaaksoy/gosupabase/middleware/supabase.go:338.66,342.2 3 9
github.com/mustafaaksoy/gosupabase/server/server.go:17.89,23.16 5 4
github.com/mustafaaksoy/gosupabase/server/server.go:23.16,26.3 2 2
github.com/mustafaaksoy/gosupabase/server/server.go:28.2,28.35 1 2
github.com/mustafaaksoy/gosupabase/server/server.go:28.35,30.10 2 2
github.com/mustafaaksoy/gosupabase/server/server.go:30.10,32.12 2 1
github.com/mustafaaksoy/gosupabase/server/server.go:35.3,39.24 4 1
github.com/mustafaaksoy/gosupabase/server/server.go:39.24,41.4 1 0
github.com/mustafaaksoy/gosupabase/server/server.go:42.3,42.14 1 1
github.com/mustafaaksoy/gosupabase/server/server.go:42.14,44.4 1 0
github.com/mustafaaksoy/gosupabase/server/server.go:46.3,47.112 2 1
github.com/mustafaaksoy/gosupabase/server/server.go:50.2,50.10 1 2
github.com/mustafaaksoy/gosupabase/server/server.go:53.52,56.35 3 3
github.com/mustafaaksoy/gosupabase/server/server.go:56.35,58.3 1 0
github.com/mustafaaksoy/gosupabase/server/server.go:59.2,59.35 1 3
github.com/mustafaaksoy/gosupabase/server/server.go:59.35,61.3 1 1
github.com/mustafaaksoy/gosupabase/server/server.go:62.2,62.20 1 2
github.com/mustafaaksoy/gosupabase/server/server.go:65.66,66.33 1 6
github.com/mustafaaksoy/gosupabase/server/server.go:67.13,68.27 1 2
github.com/mustafaaksoy/gosupabase/server/server.go:69.14,70.28 1 1
github.com/mustafaaksoy/gosupabase/server/server.go:71.13,72.27 1 1
github.com/mustafaaksoy/gosupabase/server/server.go:73.15,74.29 1 1
github.com/mustafaaksoy/gosupabase/server/server.go:75.16,76.30 1 1
github.com/mustafaaksoy/gosupabase/server/server.go:77.17,78.31 1 0
github.com/mustafaaksoy/gosupabase/server/server.go:79.10,80.28 1 0
github.com/mustafaaksoy/gosupabase/cmd/gosupabase/main.go:41.13,43.20 2 0
github.com/mustafaaksoy/gosupabase/cmd/gosupabase/main.go:43.20,46.3 2 0
github.com/mustafaaksoy/gosupabase/cmd/gosupabase/main.go:48.2,48.17 1 0
github.com/mustafaaksoy/gosupabase/cmd/gosupabase/main.go:49.13,50.19 1 0
github.com/mustafaaksoy/gosupabase/cmd/gosupabase/main.go:51.14,52.12 1 0
github.com/mustafaaksoy/gosupabase/cmd/gosupabase/main.go:53.15,54.21 1 0
github.com/mustafaaksoy/gosupabase/cmd/gosupabase/main.go:55.13,56.19 1 0
github.com/mustafaaksoy/gosupabase/cmd/gosupabase/main.go:57.13,58.19 1 0
github.com/mustafaaksoy/gosupabase/cmd/gosupabase/main.go:59.13,60.11 1 0
github.com/mustafaaksoy/gosupabase/cmd/gosupabase/main.go:61.14,62.12 1 0
github.com/mustafaaksoy/gosupabase/cmd/gosupabase/main.go:63.30,64.19 1 0
github.com/mustafaaksoy/gosupabase/cmd/gosupabase/main.go:65.10,67.13 2 0
github.com/mustafaaksoy/gosupabase/cmd/gosupabase/main.go:71.52,72.22 1 6
github.com/mustafaaksoy/gosupabase/cmd/gosupabase/main.go:72.22,74.3 1 3
github.com/mustafaaksoy/gosupabase/cmd/gosupabase/main.go:74.8,76.3 1 3
github.com/mustafaaksoy/gosupabase/cmd/gosupabase/main.go:77.2,79.16 3 6
github.com/mustafaaksoy/gosupabase/cmd/gosupabase/main.go:79.16,81.3 1 0
github.com/mustafaaksoy/gosupabase/cmd/gosupabase/main.go:82.2,82.13 1 6
github.com/mustafaaksoy/gosupabase/cmd/gosupabase/main.go:85.54,87.17 2 1
github.com/mustafaaksoy/gosupabase/cmd/gosupabase/main.go:87.17,89.3 1 1
github.com/mustafaaksoy/gosupabase/cmd/gosupabase/main.go:90.2,93.16 4 1
github.com/mustafaaksoy/gosupabase/cmd/gosupabase/main.go:93.16,95.3 1 0
github.com/mustafaaksoy/gosupabase/cmd/gosupabase/main.go:96.2,96.37 1 1
github.com/mustafaaksoy/gosupabase/cmd/gosupabase/main.go:99.53,103.14 4 2
github.com/mustafaaksoy/gosupabase/cmd/gosupabase/main.go:104.10,105.20 1 0
github.com/mustafaaksoy/gosupabase/cmd/gosupabase/main.go:106.31,107.14 1 1
github.com/mustafaaksoy/gosupabase/cmd/gosupabase/main.go:108.10,110.20 2 1
github.com/mustafaaksoy/gosupabase/cmd/gosupabase/main.go:122.53,130.14 8 6
github.com/mustafaaksoy/gosupabase/cmd/gosupabase/main.go:131.24,132.25 1 2
github.com/mustafaaksoy/gosupabase/cmd/gosupabase/main.go:133.20,134.21 1 2
github.com/mustafaaksoy/gosupabase/cmd/gosupabase/main.go:135.10,136.20 1 2
github.com/mustafaaksoy/gosupabase/cmd/gosupabase/main.go:140.87,142.32 2 5
github.com/mustafaaksoy/gosupabase/cmd/gosupabase/main.go:142.32,147.3 4 16
github.com/mustafaaksoy/gosupabase/cmd/gosupabase/main.go:148.2,148.54 1 5
github.com/mustafaaksoy/gosupabase/cmd/gosupabase/main.go:151.90,153.16 2 2
github.com/mustafaaksoy/gosupabase/cmd/gosupabase/main.go:153.16,155.3 1 0
github.com/mustafaaksoy/gosupabase/cmd/gosupabase/main.go:156.2,156.32 1 2
github.com/mustafaaksoy/gosupabase/cmd/gosupabase/main.go:156.32,157.38 1 4
github.com/mustafaaksoy/gosupabase/cmd/gosupabase/main.go:157.38,159.4 1 1
github.com/mustafaaksoy/gosupabase/cmd/gosupabase/main.go:161.2,161.50 1 2
github.com/mustafaaksoy/gosupabase/cmd/gosupabase/main.go:164.69,167.2 2 3
github.com/mustafaaksoy/gosupabase/cmd/gosupabase/main.go:169.25,182.23 11 1
github.com/mustafaaksoy/gosupabase/cmd/gosupabase/main.go:182.23,184.3 1 0
github.com/mustafaaksoy/gosupabase/cmd/gosupabase/main.go:186.2,198.23 6 1
github.com/mustafaaksoy/gosupabase/cmd/gosupabase/main.go:198.23,201.3 2 0
github.com/mustafaaksoy/gosupabase/cmd/gosupabase/main.go:203.2,207.23 4 1
github.com/mustafaaksoy/gosupabase/cmd/gosupabase/main.go:207.23,210.3 2 0
github.com/mustafaaksoy/gosupabase/cmd/gosupabase/main.go:212.2,212.34 1 1
github.com/mustafaaksoy/gosupabase/cmd/gosupabase/main.go:215.130,219.12 3 7
github.com/mustafaaksoy/gosupabase/cmd/gosupabase/main.go:219.12,221.17 2 3
github.com/mustafaaksoy/gosupabase/cmd/gosupabase/main.go:222.19,224.10 2 1
github.com/mustafaaksoy/gosupabase/cmd/gosupabase/main.go:225.20,226.13 1 1
github.com/mustafaaksoy/gosupabase/cmd/gosupabase/main.go:226.13,227.67 1 1
github.com/mustafaaksoy/gosupabase/cmd/gosupabase/main.go:227.67,230.6 2 0
github.com/mustafaaksoy/gosupabase/cmd/gosupabase/main.go:231.5,231.64 1 1
github.com/mustafaaksoy/gosupabase/cmd/gosupabase/main.go:232.10,234.5 1 0
github.com/mustafaaksoy/gosupabase/cmd/gosupabase/main.go:235.4,235.10 1 1
github.com/mustafaaksoy/gosupabase/cmd/gosupabase/main.go:236.24,236.24 0 1
github.com/mustafaaksoy/gosupabase/cmd/gosupabase/main.go:241.2,241.11 1 5
github.com/mustafaaksoy/gosupabase/cmd/gosupabase/main.go:241.11,242.65 1 2
github.com/mustafaaksoy/gosupabase/cmd/gosupabase/main.go:242.65,245.4 2 0
github.com/mustafaaksoy/gosupabase/cmd/gosupabase/main.go:246.8,247.79 1 3
github.com/mustafaaksoy/gosupabase/cmd/gosupabase/main.go:247.79,250.4 2 0
github.com/mustafaaksoy/gosupabase/cmd/gosupabase/main.go:252.2,253.12 2 5
github.com/mustafaaksoy/gosupabase/cmd/gosupabase/main.go:253.12,255.3 1 1
github.com/mustafaaksoy/gosupabase/cmd/gosupabase/main.go:256.2,256.41 1 5
github.com/mustafaaksoy/gosupabase/cmd/gosupabase/main.go:259.33,263.16 3 1
github.com/mustafaaksoy/gosupabase/cmd/gosupabase/main.go:263.16,265.3 1 0
github.com/mustafaaksoy/gosupabase/cmd/gosupabase/main.go:266.2,266.23 1 1
github.com/mustafaaksoy/gosupabase/cmd/gosupabase/main.go:266.23,268.3 1 0
github.com/mustafaaksoy/gosupabase/cmd/gosupabase/main.go:270.2,272.29 3 1
github.com/mustafaaksoy/gosupabase/cmd/gosupabase/main.go:272.29,273.42 1 3
github.com/mustafaaksoy/gosupabase/cmd/gosupabase/main.go:273.42,275.4 1 0
github.com/mustafaaksoy/gosupabase/cmd/gosupabase/main.go:277.2,277.22 1 1
github.com/mustafaaksoy/gosupabase/cmd/gosupabase/main.go:277.22,280.3 2 0
github.com/mustafaaksoy/gosupabase/cmd/gosupabase/main.go:282.2,283.55 2 1
github.com/mustafaaksoy/gosupabase/cmd/gosupabase/main.go:283.55,285.3 1 0
github.com/mustafaaksoy/gosupabase/cmd/gosupabase/main.go:287.2,287.35 1 1
github.com/mustafaaksoy/gosupabase/cmd/gosupabase/main.go:287.35,289.3 1 0
github.com/mustafaaksoy/gosupabase/cmd/gosupabase/main.go:290.2,290.59 1 1
github.com/mustafaaksoy/gosupabase/cmd/gosupabase/main.go:290.59,292.3 1 1
github.com/mustafaaksoy/gosupabase/cmd/gosupabase/main.go:294.2,295.32 2 1
github.com/mustafaaksoy/gosupabase/cmd/gosupabase/main.go:295.32,297.3 1 5
github.com/mustafaaksoy/gosupabase/cmd/gosupabase/main.go:299.2,301.51 3 1
github.com/mustafaaksoy/gosupabase/cmd/gosupabase/main.go:301.51,303.3 1 1
github.com/mustafaaksoy/gosupabase/cmd/gosupabase/main.go:304.2,304.53 1 1
github.com/mustafaaksoy/gosupabase/cmd/gosupabase/main.go:304.53,306.3 1 1
github.com/mustafaaksoy/gosupabase/cmd/gosupabase/main.go:308.2,311.55 3 1
github.com/mustafaaksoy/gosupabase/cmd/gosupabase/main.go:311.55,314.3 2 0
github.com/mustafaaksoy/gosupabase/cmd/gosupabase/main.go:316.2,316.35 1 1
github.com/mustafaaksoy/gosupabase/cmd/gosupabase/main.go:319.28,320.19 1 0
github.com/mustafaaksoy/gosupabase/cmd/gosupabase/main.go:320.19,322.3 1 0
github.com/mustafaaksoy/gosupabase/cmd/gosupabase/main.go:323.2,327.59 4 0
github.com/mustafaaksoy/gosupabase/cmd/gosupabase/main.go:327.59,329.3 1 0
github.com/mustafaaksoy/gosupabase/cmd/gosupabase/main.go:330.2,330.108 1 0
github.com/mustafaaksoy/gosupabase/cmd/gosupabase/main.go:333.16,336.55 2 1
github.com/mustafaaksoy/gosupabase/cmd/gosupabase/main.go:336.55,345.55 2 1
github.com/mustafaaksoy/gosupabase/cmd/gosupabase/main.go:345.55,347.4 1 0
github.com/mustafaaksoy/gosupabase/cmd/gosupabase/main.go:348.3,348.36 1 1
github.com/mustafaaksoy/gosupabase/cmd/gosupabase/main.go:349.8,351.3 1 0
github.com/mustafaaksoy/gosupabase/cmd/gosupabase/main.go:353.2,353.59 1 1
github.com/mustafaaksoy/gosupabase/cmd/gosupabase/main.go:353.59,357.3 3 1
github.com/mustafaaksoy/gosupabase/cmd/gosupabase/main.go:359.2,359.76 1 1
github.com/mustafaaksoy/gosupabase/cmd/gosupabase/main.go:362.30,364.33 2 0
github.com/mustafaaksoy/gosupabase/cmd/gosupabase/main.go:364.33,365.50 1 0
github.com/mustafaaksoy/gosupabase/cmd/gosupabase/main.go:365.50,368.4 2 0
github.com/mustafaaksoy/gosupabase/cmd/gosupabase/main.go:371.2,371.20 1 0
github.com/mustafaaksoy/gosupabase/cmd/gosupabase/main.go:371.20,373.3 1 0
github.com/mustafaaksoy/gosupabase/cmd/gosupabase/main.go:373.8,375.3 1 0
github.com/mustafaaksoy/gosupabase/cmd/gosupabase/main.go:378.28,379.44 1 1
github.com/mustafaaksoy/gosupabase/cmd/gosupabase/main.go:379.44,381.3 1 0
github.com/mustafaaksoy/gosupabase/cmd/gosupabase/main.go:383.2,385.21 3 1
github.com/mustafaaksoy/gosupabase/cmd/gosupabase/main.go:385.21,387.3 1 0
github.com/mustafaaksoy/gosupabase/cmd/gosupabase/main.go:389.2,391.35 3 1
github.com/mustafaaksoy/gosupabase/cmd/gosupabase/main.go:391.35,393.3 1 0
github.com/mustafaaksoy/gosupabase/cmd/gosupabase/main.go:395.2,396.29 2 1
github.com/mustafaaksoy/gosupabase/cmd/gosupabase/main.go:396.29,397.20 1 0
github.com/mustafaaksoy/gosupabase/cmd/gosupabase/main.go:397.20,399.4 1 0
github.com/mustafaaksoy/gosupabase/cmd/gosupabase/main.go:402.2,405.16 3 1
github.com/mustafaaksoy/gosupabase/cmd/gosupabase/main.go:405.16,407.3 1 0
github.com/mustafaaksoy/gosupabase/cmd/gosupabase/main.go:409.2,415.44 2 1
github.com/mustafaaksoy/gosupabase/cmd/gosupabase/main.go:415.44,417.3 1 0
github.com/mustafaaksoy/gosupabase/cmd/gosupabase/main.go:419.2,419.54 1 1
github.com/mustafaaksoy/gosupabase/cmd/gosupabase/main.go:419.54,421.3 1 0
github.com/mustafaaksoy/gosupabase/cmd/gosupabase/main.go:423.2,423.88 1 1
github.com/mustafaaksoy/gosupabase/cmd/gosupabase/main.go:426.28,430.33 3 1
github.com/mustafaaksoy/gosupabase/cmd/gosupabase/main.go:430.33,431.18 1 1
github.com/mustafaaksoy/gosupabase/cmd/gosupabase/main.go:432.23,433.23 1 0
github.com/mustafaaksoy/gosupabase/cmd/gosupabase/main.go:433.23,436.5 2 0
github.com/mustafaaksoy/gosupabase/cmd/gosupabase/main.go:437.25,438.23 1 0
github.com/mustafaaksoy/gosupabase/cmd/gosupabase/main.go:438.23,441.5 2 0
github.com/mustafaaksoy/gosupabase/cmd/gosupabase/main.go:442.26,443.23 1 1
github.com/mustafaaksoy/gosupabase/cmd/gosupabase/main.go:447.2,457.60 4 1
github.com/mustafaaksoy/gosupabase/cmd/gosupabase/main.go:457.60,459.3 1 0
github.com/mustafaaksoy/gosupabase/cmd/gosupabase/main.go:461.2,461.44 1 1
github.com/mustafaaksoy/gosupabase/cmd/gosupabase/main.go:464.15,471.43 5 0
github.com/mustafaaksoy/gosupabase/cmd/gosupabase/main.go:471.43,476.37 5 0
github.com/mustafaaksoy/gosupabase/cmd/gosupabase/main.go:476.37,478.4 1 0
github.com/mustafaaksoy/gosupabase/cmd/gosupabase/main.go:479.3,479.13 1 0
github.com/mustafaaksoy/gosupabase/cmd/gosupabase/main.go:479.13,479.31 1 0
github.com/mustafaaksoy/gosupabase/cmd/gosupabase/main.go:480.3,480.18 1 0
github.com/mustafaaksoy/gosupabase/cmd/gosupabase/main.go:483.2,483.36 1 0
github.com/mustafaaksoy/gosupabase/cmd/gosupabase/main.go:483.36,484.39 1 0
github.com/mustafaaksoy/gosupabase/cmd/gosupabase/main.go:484.39,486.4 1 0
github.com/mustafaaksoy/gosupabase/cmd/gosupabase/main.go:487.3,489.25 3 0
github.com/mustafaaksoy/gosupabase/cmd/gosupabase/main.go:492.2,493.16 2 0
github.com/mustafaaksoy/gosupabase/cmd/gosupabase/main.go:493.16,495.3 1 0
github.com/mustafaaksoy/gosupabase/cmd/gosupabase/main.go:496.2,500.6 4 0
github.com/mustafaaksoy/gosupabase/cmd/gosupabase/main.go:500.6,501.10 1 0
github.com/mustafaaksoy/gosupabase/cmd/gosupabase/main.go:502.21,505.10 3 0
github.com/mustafaaksoy/gosupabase/cmd/gosupabase/main.go:506.19,508.33 2 0
github.com/mustafaaksoy/gosupabase/cmd/gosupabase/main.go:508.33,512.19 4 0
github.com/mustafaaksoy/gosupabase/cmd/gosupabase/main.go:512.19,514.6 1 0
github.com/mustafaaksoy/gosupabase/cmd/gosupabase/main.go:515.5,515.16 1 0
github.com/mustafaaksoy/gosupabase/cmd/gosupabase/main.go:521.70,523.82 2 2
github.com/mustafaaksoy/gosupabase/cmd/gosupabase/main.go:523.82,524.17 1 10
github.com/mustafaaksoy/gosupabase/cmd/gosupabase/main.go:524.17,526.4 1 0
github.com/mustafaaksoy/gosupabase/cmd/gosupabase/main.go:527.3,527.16 1 10
github.com/mustafaaksoy/gosupabase/cmd/gosupabase/main.go:527.16,529.69 2 6
github.com/mustafaaksoy/gosupabase/cmd/gosupabase/main.go:529.69,531.5 1 3
github.com/mustafaaksoy/gosupabase/cmd/gosupabase/main.go:532.4,532.14 1 3
github.com/mustafaaksoy/gosupabase/cmd/gosupabase/main.go:534.3,535.129 2 4
github.com/mustafaaksoy/gosupabase/cmd/gosupabase/main.go:535.129,537.4 1 1
github.com/mustafaaksoy/gosupabase/cmd/gosupabase/main.go:538.3,539.21 2 3
github.com/mustafaaksoy/gosupabase/cmd/gosupabase/main.go:539.21,541.4 1 0
github.com/mustafaaksoy/gosupabase/cmd/gosupabase/main.go:542.3,543.13 2 3
github.com/mustafaaksoy/gosupabase/cmd/gosupabase/main.go:545.2,545.17 1 2
github.com/mustafaaksoy/gosupabase/cmd/gosupabase/main.go:548.51,549.22 1 2
github.com/mustafaaksoy/gosupabase/cmd/gosupabase/main.go:549.22,551.3 1 0
github.com/mustafaaksoy/gosupabase/cmd/gosupabase/main.go:552.2,552.22 1 2
github.com/mustafaaksoy/gosupabase/cmd/gosupabase/main.go:552.22,553.42 1 2
github.com/mustafaaksoy/gosupabase/cmd/gosupabase/main.go:553.42,555.4 1 1
github.com/mustafaaksoy/gosupabase/cmd/gosupabase/main.go:557.2,557.13 1 1
github.com/mustafaaksoy/gosupabase/cmd/gosupabase/main.go:560.16,562.16 2 1
github.com/mustafaaksoy/gosupabase/cmd/gosupabase/main.go:562.16,564.3 1 0
github.com/mustafaaksoy/gosupabase/cmd/gosupabase/main.go:566.2,567.25 2 1
github.com/mustafaaksoy/gosupabase/cmd/gosupabase/main.go:567.25,570.3 2 0
github.com/mustafaaksoy/gosupabase/cmd/gosupabase/main.go:572.2,574.31 3 1
github.com/mustafaaksoy/gosupabase/cmd/gosupabase/main.go:574.31,576.24 2 1
github.com/mustafaaksoy/gosupabase/cmd/gosupabase/main.go:576.24,578.4 1 0
github.com/mustafaaksoy/gosupabase/cmd/gosupabase/main.go:579.3,579.91 1 1
github.com/mustafaaksoy/gosupabase/cmd/gosupabase/main.go:583.48,586.2 2 0
